[Main(2021-09-08 21:30:56)] Debug start
[LuaHandler(2021-09-08 21:30:56)] Creating variables...
[LuaHandler(2021-09-08 21:30:56)] Done!
[LuaHandler(2021-09-08 21:30:56)] Registering functions...
[LuaHandler(2021-09-08 21:31:01)] Done!
[LuaHandler(2021-09-08 21:31:01)] Populating variables...
[LuaHandler(2021-09-08 21:31:01)] Done!
[Lua(2021-09-08 21:31:01)] Start
[Lua(2021-09-08 21:31:01)] False
[Lua(2021-09-08 21:31:01)] False
[Lua(2021-09-08 21:31:01)] False
[Lua(2021-09-08 21:31:01)] False
[Lua(2021-09-08 21:31:01)] False
[Lua(2021-09-08 21:31:01)] False
[Lua(2021-09-08 21:31:01)] False
[Lua(2021-09-08 21:31:01)] False
[Lua(2021-09-08 21:31:01)] False
[Lua(2021-09-08 21:31:01)] False
[Lua(2021-09-08 21:31:01)] False
[Lua(2021-09-08 21:31:01)] False
[Lua(2021-09-08 21:31:01)] False
[Lua(2021-09-08 21:31:01)] False
[Lua(2021-09-08 21:31:01)] False
[Lua(2021-09-08 21:31:01)] False
[Lua(2021-09-08 21:31:01)] False
[Lua(2021-09-08 21:31:01)] False
[Lua(2021-09-08 21:31:01)] False
[Lua(2021-09-08 21:31:01)] False
[Lua(2021-09-08 21:31:01)] False
[Lua(2021-09-08 21:31:01)] False
[Lua(2021-09-08 21:31:01)] False
[Lua(2021-09-08 21:31:01)] False
[Lua(2021-09-08 21:31:01)] False
[Lua(2021-09-08 21:31:01)] False
[Lua(2021-09-08 21:31:01)] False
[Lua(2021-09-08 21:31:01)] False
[Lua(2021-09-08 21:31:01)] False
[Lua(2021-09-08 21:31:01)] False
[Lua(2021-09-08 21:31:02)] False
[Lua(2021-09-08 21:31:02)] False
[Lua(2021-09-08 21:31:02)] False
[Lua(2021-09-08 21:31:02)] False
[Lua(2021-09-08 21:31:02)] False
[Lua(2021-09-08 21:31:02)] False
[Lua(2021-09-08 21:31:03)] False
[Lua(2021-09-08 21:31:03)] False
[Lua(2021-09-08 21:31:03)] False
[Lua(2021-09-08 21:31:03)] False
[Lua(2021-09-08 21:31:03)] False
[Lua(2021-09-08 21:31:03)] False
[Lua(2021-09-08 21:31:04)] False
[Lua(2021-09-08 21:31:04)] False
[Lua(2021-09-08 21:31:04)] False
[Lua(2021-09-08 21:31:04)] False
[Lua(2021-09-08 21:31:04)] False
[Lua(2021-09-08 21:31:04)] False
[Lua(2021-09-08 21:31:05)] False
[Lua(2021-09-08 21:31:05)] False
[Lua(2021-09-08 21:31:05)] False
[Lua(2021-09-08 21:31:05)] False
[Lua(2021-09-08 21:31:05)] False
[Lua(2021-09-08 21:31:05)] False
[Lua(2021-09-08 21:31:06)] False
[Lua(2021-09-08 21:31:06)] False
[Lua(2021-09-08 21:31:06)] False
